<?xml version="1.0" encoding="UTF-8"?>
<testsuite name="Materials" tests="3" skipped="0" failures="0" errors="0" timestamp="2021-08-12T05:21:36" hostname="DESKTOP-O9C4B4P" time="0.034">
  <properties/>
  <testcase name="testLambertianScatter()" classname="Materials" time="0.026"/>
  <testcase name="testMetalScatter()" classname="Materials" time="0.004"/>
  <testcase name="testDielectricScatter()" classname="Materials" time="0.003"/>
  <system-out><![CDATA[false
Origin: (0.5,0.5,0.5)
End: (-0.09656230630280471,-0.016802098237568064,-0.44388954590256013)
true
Origin: (0.5,0.5,0.5)
End: (0.5562917019246303,0.5562917019246303,0.5562917019246303)
]]></system-out>
  <system-err><![CDATA[]]></system-err>
</testsuite>
