<?xml version="1.0" encoding="UTF-8"?>
<testsuite name="Math" tests="4" skipped="0" failures="0" errors="0" timestamp="2021-07-30T00:31:46" hostname="desktop-linux" time="0.021">
  <properties/>
  <testcase name="testAddVec3()" classname="Math" time="0.018"/>
  <testcase name="testScaleVec3()" classname="Math" time="0.001"/>
  <testcase name="testNegateVec3()" classname="Math" time="0.001"/>
  <testcase name="testMakeUnitVec3()" classname="Math" time="0.0"/>
  <system-out><![CDATA[]]></system-out>
  <system-err><![CDATA[]]></system-err>
</testsuite>
